  BehaviorTree.cpp
  BuyTask.cpp
  CheckDemandTask.cpp
C:\Users\mmoreau\Documents\GitHub\Simulation\Simulation\Simulation\CheckDemandTask.h(16,4): error C2143: erreur de syntaxe : absence de ';' avant '*'
  (compiler le fichier source 'CheckDemandTask.cpp')
  
C:\Users\mmoreau\Documents\GitHub\Simulation\Simulation\Simulation\CheckDemandTask.h(16,4): error C4430: spécificateur de type manquant - int est pris en compte par défaut. Remarque : C++ ne prend pas en charge int par défaut
  (compiler le fichier source 'CheckDemandTask.cpp')
  
C:\Users\mmoreau\Documents\GitHub\Simulation\Simulation\Simulation\CheckDemandTask.h(16,12): error C2238: jetons inattendus avant ';'
  (compiler le fichier source 'CheckDemandTask.cpp')
  
C:\Users\mmoreau\Documents\GitHub\Simulation\Simulation\Simulation\CheckDemandTask.cpp(20,3): error C2065: 'Client' : identificateur non déclaré
C:\Users\mmoreau\Documents\GitHub\Simulation\Simulation\Simulation\CheckDemandTask.cpp(26,6): error C2065: 'Client' : identificateur non déclaré
C:\Users\mmoreau\Documents\GitHub\Simulation\Simulation\Simulation\CheckDemandTask.cpp(27,3): error C2065: 'Client' : identificateur non déclaré
C:\Users\mmoreau\Documents\GitHub\Simulation\Simulation\Simulation\CheckDemandTask.cpp(34,6): error C2065: 'Client' : identificateur non déclaré
  FallBack.cpp
  FlowNode.cpp
C:\Users\mmoreau\Documents\GitHub\Simulation\Simulation\Simulation\FlowNode.cpp(15,13): warning C4244: 'initialisation' : conversion de '__int64' en 'int', perte possible de données
  Ia.cpp
  Node.cpp
  OpeningShopTask.cpp
  Sequence.cpp
  Shop.cpp
  Simulation.cpp
C:\Users\mmoreau\Documents\GitHub\Simulation\Simulation\Simulation\Simulation.cpp(57,15): warning C4244: 'argument' : conversion de 'time_t' en 'unsigned int', perte possible de données
C:\Users\mmoreau\Documents\GitHub\Simulation\Simulation\Simulation\Simulation.cpp(116,22): warning C4834: abandon de la valeur de retour de la fonction avec l’attribut [[nodiscard]]
C:\Users\mmoreau\Documents\GitHub\Simulation\Simulation\Simulation\Simulation.cpp(67,9): warning C4101: 'a' : variable locale non référencée
C:\Users\mmoreau\Documents\GitHub\Simulation\Simulation\Simulation\Simulation.cpp(68,9): warning C4101: 'nombre_client' : variable locale non référencée
  TaskNode.cpp
  WaitTask.cpp
  Génération de code en cours...
